C:\Program Files (x86)\MSBuild\Microsoft.Cpp\v4.0\V140\Microsoft.CppBuild.targets(392,5): warning MSB8028: The intermediate directory (Debug\) contains files shared from another project (OpenGLProjectTemplate.vcxproj).  This can lead to incorrect clean and rebuild behavior.
  Source.cpp
c:\users\bruno\onedrive\documentos\cg\cg_projeto\source.cpp(87): warning C4244: 'initializing': conversion from 'double' to 'float', possible loss of data
c:\users\bruno\onedrive\documentos\cg\cg_projeto\source.cpp(96): warning C4244: 'initializing': conversion from 'double' to 'float', possible loss of data
c:\users\bruno\onedrive\documentos\cg\cg_projeto\source.cpp(105): warning C4244: 'initializing': conversion from 'double' to 'float', possible loss of data
c:\users\bruno\onedrive\documentos\cg\cg_projeto\source.cpp(325): warning C4305: 'argument': truncation from 'double' to 'GLclampf'
c:\users\bruno\onedrive\documentos\cg\cg_projeto\source.cpp(356): warning C4244: 'argument': conversion from 'double' to 'GLfloat', possible loss of data
c:\users\bruno\onedrive\documentos\cg\cg_projeto\source.cpp(357): warning C4244: 'argument': conversion from 'double' to 'GLfloat', possible loss of data
c:\users\bruno\onedrive\documentos\cg\cg_projeto\source.cpp(371): warning C4305: 'argument': truncation from 'double' to 'GLfloat'
c:\users\bruno\onedrive\documentos\cg\cg_projeto\source.cpp(378): warning C4305: 'argument': truncation from 'double' to 'float'
c:\users\bruno\onedrive\documentos\cg\cg_projeto\source.cpp(384): warning C4838: conversion from 'double' to 'GLfloat' requires a narrowing conversion
c:\users\bruno\onedrive\documentos\cg\cg_projeto\source.cpp(384): warning C4305: 'initializing': truncation from 'double' to 'GLfloat'
c:\users\bruno\onedrive\documentos\cg\cg_projeto\source.cpp(391): warning C4305: 'argument': truncation from 'double' to 'float'
c:\users\bruno\onedrive\documentos\cg\cg_projeto\source.cpp(424): warning C4305: 'argument': truncation from 'double' to 'float'
c:\users\bruno\onedrive\documentos\cg\cg_projeto\source.cpp(426): warning C4305: 'argument': truncation from 'double' to 'float'
c:\users\bruno\onedrive\documentos\cg\cg_projeto\source.cpp(428): warning C4305: 'argument': truncation from 'double' to 'float'
c:\users\bruno\onedrive\documentos\cg\cg_projeto\source.cpp(448): warning C4305: 'argument': truncation from 'double' to 'float'
c:\users\bruno\onedrive\documentos\cg\cg_projeto\source.cpp(449): warning C4305: 'argument': truncation from 'double' to 'float'
c:\users\bruno\onedrive\documentos\cg\cg_projeto\source.cpp(450): warning C4305: 'argument': truncation from 'double' to 'float'
c:\users\bruno\onedrive\documentos\cg\cg_projeto\source.cpp(459): warning C4305: 'argument': truncation from 'double' to 'float'
c:\users\bruno\onedrive\documentos\cg\cg_projeto\source.cpp(460): warning C4305: 'argument': truncation from 'double' to 'float'
c:\users\bruno\onedrive\documentos\cg\cg_projeto\source.cpp(461): warning C4305: 'argument': truncation from 'double' to 'float'
c:\users\bruno\onedrive\documentos\cg\cg_projeto\source.cpp(470): warning C4305: 'argument': truncation from 'double' to 'float'
c:\users\bruno\onedrive\documentos\cg\cg_projeto\source.cpp(471): warning C4305: 'argument': truncation from 'double' to 'float'
c:\users\bruno\onedrive\documentos\cg\cg_projeto\source.cpp(472): warning C4305: 'argument': truncation from 'double' to 'float'
c:\users\bruno\onedrive\documentos\cg\cg_projeto\source.cpp(481): warning C4305: 'argument': truncation from 'double' to 'float'
c:\users\bruno\onedrive\documentos\cg\cg_projeto\source.cpp(482): warning C4305: 'argument': truncation from 'double' to 'float'
c:\users\bruno\onedrive\documentos\cg\cg_projeto\source.cpp(483): warning C4305: 'argument': truncation from 'double' to 'float'
c:\users\bruno\onedrive\documentos\cg\cg_projeto\source.cpp(492): warning C4838: conversion from 'double' to 'GLfloat' requires a narrowing conversion
c:\users\bruno\onedrive\documentos\cg\cg_projeto\source.cpp(492): warning C4305: 'initializing': truncation from 'double' to 'GLfloat'
c:\users\bruno\onedrive\documentos\cg\cg_projeto\source.cpp(524): warning C4305: 'argument': truncation from 'double' to 'float'
c:\users\bruno\onedrive\documentos\cg\cg_projeto\source.cpp(527): warning C4305: 'argument': truncation from 'double' to 'float'
c:\users\bruno\onedrive\documentos\cg\cg_projeto\source.cpp(529): warning C4305: 'argument': truncation from 'double' to 'float'
c:\users\bruno\onedrive\documentos\cg\cg_projeto\source.cpp(532): warning C4838: conversion from 'double' to 'GLfloat' requires a narrowing conversion
c:\users\bruno\onedrive\documentos\cg\cg_projeto\source.cpp(532): warning C4305: 'initializing': truncation from 'double' to 'GLfloat'
c:\users\bruno\onedrive\documentos\cg\cg_projeto\source.cpp(534): warning C4305: 'argument': truncation from 'double' to 'GLfloat'
c:\users\bruno\onedrive\documentos\cg\cg_projeto\source.cpp(535): warning C4305: 'argument': truncation from 'double' to 'GLfloat'
c:\users\bruno\onedrive\documentos\cg\cg_projeto\source.cpp(536): warning C4305: 'argument': truncation from 'double' to 'GLfloat'
c:\users\bruno\onedrive\documentos\cg\cg_projeto\source.cpp(539): warning C4305: 'argument': truncation from 'double' to 'float'
c:\users\bruno\onedrive\documentos\cg\cg_projeto\source.cpp(545): warning C4305: 'argument': truncation from 'double' to 'float'
c:\users\bruno\onedrive\documentos\cg\cg_projeto\source.cpp(549): warning C4305: 'argument': truncation from 'double' to 'float'
c:\users\bruno\onedrive\documentos\cg\cg_projeto\source.cpp(553): warning C4305: 'argument': truncation from 'double' to 'float'
c:\users\bruno\onedrive\documentos\cg\cg_projeto\source.cpp(556): warning C4305: 'argument': truncation from 'double' to 'float'
c:\users\bruno\onedrive\documentos\cg\cg_projeto\source.cpp(559): warning C4305: 'argument': truncation from 'double' to 'float'
c:\users\bruno\onedrive\documentos\cg\cg_projeto\source.cpp(566): warning C4305: 'argument': truncation from 'double' to 'GLfloat'
c:\users\bruno\onedrive\documentos\cg\cg_projeto\source.cpp(567): warning C4305: 'argument': truncation from 'double' to 'GLfloat'
c:\users\bruno\onedrive\documentos\cg\cg_projeto\source.cpp(568): warning C4305: 'argument': truncation from 'double' to 'GLfloat'
c:\users\bruno\onedrive\documentos\cg\cg_projeto\source.cpp(569): warning C4305: 'argument': truncation from 'double' to 'GLfloat'
c:\users\bruno\onedrive\documentos\cg\cg_projeto\source.cpp(573): warning C4305: 'initializing': truncation from 'double' to 'float'
c:\users\bruno\onedrive\documentos\cg\cg_projeto\source.cpp(576): warning C4305: '+=': truncation from 'double' to 'float'
c:\users\bruno\onedrive\documentos\cg\cg_projeto\source.cpp(577): warning C4305: 'argument': truncation from 'double' to 'GLfloat'
c:\users\bruno\onedrive\documentos\cg\cg_projeto\source.cpp(577): warning C4244: 'argument': conversion from 'double' to 'GLfloat', possible loss of data
c:\users\bruno\onedrive\documentos\cg\cg_projeto\source.cpp(621): warning C4305: 'argument': truncation from 'double' to 'GLfloat'
c:\users\bruno\onedrive\documentos\cg\cg_projeto\source.cpp(622): warning C4305: 'argument': truncation from 'double' to 'GLfloat'
c:\users\bruno\onedrive\documentos\cg\cg_projeto\source.cpp(623): warning C4305: 'argument': truncation from 'double' to 'GLfloat'
c:\users\bruno\onedrive\documentos\cg\cg_projeto\source.cpp(624): warning C4305: 'argument': truncation from 'double' to 'GLfloat'
c:\users\bruno\onedrive\documentos\cg\cg_projeto\source.cpp(629): warning C4305: 'argument': truncation from 'double' to 'GLfloat'
c:\users\bruno\onedrive\documentos\cg\cg_projeto\source.cpp(630): warning C4305: 'argument': truncation from 'double' to 'GLfloat'
c:\users\bruno\onedrive\documentos\cg\cg_projeto\source.cpp(631): warning C4305: 'argument': truncation from 'double' to 'GLfloat'
c:\users\bruno\onedrive\documentos\cg\cg_projeto\source.cpp(632): warning C4305: 'argument': truncation from 'double' to 'GLfloat'
c:\users\bruno\onedrive\documentos\cg\cg_projeto\source.cpp(639): warning C4305: 'argument': truncation from 'double' to 'GLfloat'
c:\users\bruno\onedrive\documentos\cg\cg_projeto\source.cpp(640): warning C4305: 'argument': truncation from 'double' to 'GLfloat'
c:\users\bruno\onedrive\documentos\cg\cg_projeto\source.cpp(641): warning C4305: 'argument': truncation from 'double' to 'GLfloat'
c:\users\bruno\onedrive\documentos\cg\cg_projeto\source.cpp(642): warning C4305: 'argument': truncation from 'double' to 'GLfloat'
c:\users\bruno\onedrive\documentos\cg\cg_projeto\source.cpp(647): warning C4305: 'argument': truncation from 'double' to 'GLfloat'
c:\users\bruno\onedrive\documentos\cg\cg_projeto\source.cpp(648): warning C4305: 'argument': truncation from 'double' to 'GLfloat'
c:\users\bruno\onedrive\documentos\cg\cg_projeto\source.cpp(649): warning C4305: 'argument': truncation from 'double' to 'GLfloat'
c:\users\bruno\onedrive\documentos\cg\cg_projeto\source.cpp(650): warning C4305: 'argument': truncation from 'double' to 'GLfloat'
c:\users\bruno\onedrive\documentos\cg\cg_projeto\source.cpp(655): warning C4305: 'argument': truncation from 'double' to 'GLfloat'
c:\users\bruno\onedrive\documentos\cg\cg_projeto\source.cpp(656): warning C4305: 'argument': truncation from 'double' to 'GLfloat'
c:\users\bruno\onedrive\documentos\cg\cg_projeto\source.cpp(657): warning C4305: 'argument': truncation from 'double' to 'GLfloat'
c:\users\bruno\onedrive\documentos\cg\cg_projeto\source.cpp(658): warning C4305: 'argument': truncation from 'double' to 'GLfloat'
c:\users\bruno\onedrive\documentos\cg\cg_projeto\source.cpp(663): warning C4305: 'argument': truncation from 'double' to 'GLfloat'
c:\users\bruno\onedrive\documentos\cg\cg_projeto\source.cpp(664): warning C4305: 'argument': truncation from 'double' to 'GLfloat'
c:\users\bruno\onedrive\documentos\cg\cg_projeto\source.cpp(665): warning C4305: 'argument': truncation from 'double' to 'GLfloat'
c:\users\bruno\onedrive\documentos\cg\cg_projeto\source.cpp(666): warning C4305: 'argument': truncation from 'double' to 'GLfloat'
c:\users\bruno\onedrive\documentos\cg\cg_projeto\source.cpp(671): warning C4305: 'argument': truncation from 'double' to 'GLfloat'
c:\users\bruno\onedrive\documentos\cg\cg_projeto\source.cpp(672): warning C4305: 'argument': truncation from 'double' to 'GLfloat'
c:\users\bruno\onedrive\documentos\cg\cg_projeto\source.cpp(673): warning C4305: 'argument': truncation from 'double' to 'GLfloat'
c:\users\bruno\onedrive\documentos\cg\cg_projeto\source.cpp(674): warning C4305: 'argument': truncation from 'double' to 'GLfloat'
c:\users\bruno\onedrive\documentos\cg\cg_projeto\source.cpp(679): warning C4305: 'argument': truncation from 'double' to 'GLfloat'
c:\users\bruno\onedrive\documentos\cg\cg_projeto\source.cpp(680): warning C4305: 'argument': truncation from 'double' to 'GLfloat'
c:\users\bruno\onedrive\documentos\cg\cg_projeto\source.cpp(681): warning C4305: 'argument': truncation from 'double' to 'GLfloat'
c:\users\bruno\onedrive\documentos\cg\cg_projeto\source.cpp(682): warning C4305: 'argument': truncation from 'double' to 'GLfloat'
c:\users\bruno\onedrive\documentos\cg\cg_projeto\source.cpp(687): warning C4305: 'argument': truncation from 'double' to 'GLfloat'
c:\users\bruno\onedrive\documentos\cg\cg_projeto\source.cpp(688): warning C4305: 'argument': truncation from 'double' to 'GLfloat'
c:\users\bruno\onedrive\documentos\cg\cg_projeto\source.cpp(689): warning C4305: 'argument': truncation from 'double' to 'GLfloat'
c:\users\bruno\onedrive\documentos\cg\cg_projeto\source.cpp(690): warning C4305: 'argument': truncation from 'double' to 'GLfloat'
c:\users\bruno\onedrive\documentos\cg\cg_projeto\source.cpp(695): warning C4305: 'argument': truncation from 'double' to 'GLfloat'
c:\users\bruno\onedrive\documentos\cg\cg_projeto\source.cpp(696): warning C4305: 'argument': truncation from 'double' to 'GLfloat'
c:\users\bruno\onedrive\documentos\cg\cg_projeto\source.cpp(697): warning C4305: 'argument': truncation from 'double' to 'GLfloat'
c:\users\bruno\onedrive\documentos\cg\cg_projeto\source.cpp(698): warning C4305: 'argument': truncation from 'double' to 'GLfloat'
c:\users\bruno\onedrive\documentos\cg\cg_projeto\source.cpp(703): warning C4305: 'argument': truncation from 'double' to 'GLfloat'
c:\users\bruno\onedrive\documentos\cg\cg_projeto\source.cpp(704): warning C4305: 'argument': truncation from 'double' to 'GLfloat'
c:\users\bruno\onedrive\documentos\cg\cg_projeto\source.cpp(705): warning C4305: 'argument': truncation from 'double' to 'GLfloat'
c:\users\bruno\onedrive\documentos\cg\cg_projeto\source.cpp(706): warning C4305: 'argument': truncation from 'double' to 'GLfloat'
c:\users\bruno\onedrive\documentos\cg\cg_projeto\source.cpp(711): warning C4305: 'argument': truncation from 'double' to 'GLfloat'
c:\users\bruno\onedrive\documentos\cg\cg_projeto\source.cpp(712): warning C4305: 'argument': truncation from 'double' to 'GLfloat'
c:\users\bruno\onedrive\documentos\cg\cg_projeto\source.cpp(713): warning C4305: 'argument': truncation from 'double' to 'GLfloat'
c:\users\bruno\onedrive\documentos\cg\cg_projeto\source.cpp(714): warning C4305: 'argument': truncation from 'double' to 'GLfloat'
c:\users\bruno\onedrive\documentos\cg\cg_projeto\source.cpp(719): warning C4305: 'argument': truncation from 'double' to 'GLfloat'
c:\users\bruno\onedrive\documentos\cg\cg_projeto\source.cpp(720): warning C4305: 'argument': truncation from 'double' to 'GLfloat'
c:\users\bruno\onedrive\documentos\cg\cg_projeto\source.cpp(721): warning C4305: 'argument': truncation from 'double' to 'GLfloat'
c:\users\bruno\onedrive\documentos\cg\cg_projeto\source.cpp(722): warning C4305: 'argument': truncation from 'double' to 'GLfloat'
c:\users\bruno\onedrive\documentos\cg\cg_projeto\source.cpp(727): warning C4305: 'argument': truncation from 'double' to 'GLfloat'
c:\users\bruno\onedrive\documentos\cg\cg_projeto\source.cpp(728): warning C4305: 'argument': truncation from 'double' to 'GLfloat'
c:\users\bruno\onedrive\documentos\cg\cg_projeto\source.cpp(729): warning C4305: 'argument': truncation from 'double' to 'GLfloat'
c:\users\bruno\onedrive\documentos\cg\cg_projeto\source.cpp(730): warning C4305: 'argument': truncation from 'double' to 'GLfloat'
c:\users\bruno\onedrive\documentos\cg\cg_projeto\source.cpp(735): warning C4305: 'argument': truncation from 'double' to 'GLfloat'
c:\users\bruno\onedrive\documentos\cg\cg_projeto\source.cpp(736): warning C4305: 'argument': truncation from 'double' to 'GLfloat'
c:\users\bruno\onedrive\documentos\cg\cg_projeto\source.cpp(737): warning C4305: 'argument': truncation from 'double' to 'GLfloat'
c:\users\bruno\onedrive\documentos\cg\cg_projeto\source.cpp(738): warning C4305: 'argument': truncation from 'double' to 'GLfloat'
  OpenGLProjectTemplate.vcxproj -> C:\Users\bruno\OneDrive\Documentos\CG\CG_Projeto\Debug\CG - projeto.exe
  OpenGLProjectTemplate.vcxproj -> C:\Users\bruno\OneDrive\Documentos\CG\CG_Projeto\Debug\CG - projeto.pdb (Full PDB)
